<?xml version="1.0" encoding="UTF-8"?>
<testsuite xmlns:xsi="http://www.w3.org/2001/XMLSchema-instance" xsi:noNamespaceSchemaLocation="https://maven.apache.org/surefire/maven-surefire-plugin/xsd/surefire-test-report-3.0.xsd" version="3.0" name="TestSuite" time="44.055" tests="4" errors="0" skipped="0" failures="2">
  <properties>
[...]
</properties>
  <testcase name="testMethod" classname="tests.TestClass" time="3.447">
    <system-out><![CDATA[[&amp#27;[34mINFO&amp#27;[0;39m] Reflections took 49 ms to scan 1 urls, producing 1 keys and 2 values 
CURRENT THREAD: 1, DRIVER = ChromeDriver: chrome on WINDOWS (9d76ecae4fb9fbf507f317e1cd7967ed)
]]></system-out>
    <system-err><![CDATA[SLF4J: Class path contains multiple SLF4J bindings.
SLF4J: Found binding in [jar:file:/C:/Users/moham/.m2/repository/com/browserstack/browserstack-java-sdk/1.1.7/browserstack-java-sdk-1.1.7.jar!/org/slf4j/impl/StaticLoggerBinder.class]
SLF4J: Found binding in [jar:file:/C:/Users/moham/.m2/repository/org/slf4j/slf4j-simple/1.7.25/slf4j-simple-1.7.25.jar!/org/slf4j/impl/StaticLoggerBinder.class]
SLF4J: See http://www.slf4j.org/codes.html#multiple_bindings for an explanation.
SLF4J: Actual binding is of type [ch.qos.logback.classic.util.ContextSelectorStaticBinder]
java.lang.NullPointerException
	at java.base/java.io.Reader.<init>(Reader.java:168)
	at java.base/java.io.InputStreamReader.<init>(InputStreamReader.java:112)
	at com.browserstack.config.BrowserStackConfig.<clinit>(Unknown Source)
	at com.browserstack.testNgListeners.TmpSuiteListener.<init>(Unknown Source)
	at java.base/jdk.internal.reflect.NativeConstructorAccessorImpl.newInstance0(Native Method)
	at java.base/jdk.internal.reflect.NativeConstructorAccessorImpl.newInstance(NativeConstructorAccessorImpl.java:77)
	at java.base/jdk.internal.reflect.DelegatingConstructorAccessorImpl.newInstance(DelegatingConstructorAccessorImpl.java:45)
	at java.base/java.lang.reflect.Constructor.newInstanceWithCaller(Constructor.java:499)
	at java.base/java.lang.reflect.Constructor.newInstance(Constructor.java:480)
	at java.base/java.util.ServiceLoader$ProviderImpl.newInstance(ServiceLoader.java:789)
	at java.base/java.util.ServiceLoader$ProviderImpl.get(ServiceLoader.java:729)
	at java.base/java.util.ServiceLoader$3.next(ServiceLoader.java:1403)
	at org.testng.TestNG.addServiceLoaderListeners(TestNG.java:1010)
	at org.testng.TestNG.initializeConfiguration(TestNG.java:944)
	at org.testng.TestNG.initializeEverything(TestNG.java:1041)
	at org.testng.TestNG.run(TestNG.java:1052)
	at org.apache.maven.surefire.testng.TestNGExecutor.run(TestNGExecutor.java:136)
	at org.apache.maven.surefire.testng.TestNGDirectoryTestSuite.executeMulti(TestNGDirectoryTestSuite.java:193)
	at org.apache.maven.surefire.testng.TestNGDirectoryTestSuite.execute(TestNGDirectoryTestSuite.java:94)
	at org.apache.maven.surefire.testng.TestNGProvider.invoke(TestNGProvider.java:145)
	at java.base/jdk.internal.reflect.NativeMethodAccessorImpl.invoke0(Native Method)
	at java.base/jdk.internal.reflect.NativeMethodAccessorImpl.invoke(NativeMethodAccessorImpl.java:77)
	at java.base/jdk.internal.reflect.DelegatingMethodAccessorImpl.invoke(DelegatingMethodAccessorImpl.java:43)
	at java.base/java.lang.reflect.Method.invoke(Method.java:568)
	at org.apache.maven.surefire.api.util.ReflectionUtils.invokeMethodWithArray2(ReflectionUtils.java:167)
	at org.apache.maven.surefire.booter.ProviderFactory$ProviderProxy.invoke(ProviderFactory.java:161)
	at org.apache.maven.surefire.booter.ProviderFactory.invokeProvider(ProviderFactory.java:84)
	at org.apache.maven.plugin.surefire.InPluginVMSurefireStarter.runSuitesInProcess(InPluginVMSurefireStarter.java:87)
	at org.apache.maven.plugin.surefire.AbstractSurefireMojo.executeProvider(AbstractSurefireMojo.java:1295)
	at org.apache.maven.plugin.surefire.AbstractSurefireMojo.executeAfterPreconditionsChecked(AbstractSurefireMojo.java:1159)
	at org.apache.maven.plugin.surefire.AbstractSurefireMojo.execute(AbstractSurefireMojo.java:932)
	at org.apache.maven.plugin.DefaultBuildPluginManager.executeMojo(DefaultBuildPluginManager.java:137)
	at org.apache.maven.lifecycle.internal.MojoExecutor.execute(MojoExecutor.java:210)
	at org.apache.maven.lifecycle.internal.MojoExecutor.execute(MojoExecutor.java:156)
	at org.apache.maven.lifecycle.internal.MojoExecutor.execute(MojoExecutor.java:148)
	at org.apache.maven.lifecycle.internal.LifecycleModuleBuilder.buildProject(LifecycleModuleBuilder.java:117)
	at org.apache.maven.lifecycle.internal.LifecycleModuleBuilder.buildProject(LifecycleModuleBuilder.java:81)
	at org.apache.maven.lifecycle.internal.builder.singlethreaded.SingleThreadedBuilder.build(SingleThreadedBuilder.java:56)
	at org.apache.maven.lifecycle.internal.LifecycleStarter.execute(LifecycleStarter.java:128)
	at org.apache.maven.DefaultMaven.doExecute(DefaultMaven.java:305)
	at org.apache.maven.DefaultMaven.doExecute(DefaultMaven.java:192)
	at org.apache.maven.DefaultMaven.execute(DefaultMaven.java:105)
	at org.apache.maven.cli.MavenCli.execute(MavenCli.java:972)
	at org.apache.maven.cli.MavenCli.doMain(MavenCli.java:293)
	at org.apache.maven.cli.MavenCli.main(MavenCli.java:196)
	at java.base/jdk.internal.reflect.NativeMethodAccessorImpl.invoke0(Native Method)
	at java.base/jdk.internal.reflect.NativeMethodAccessorImpl.invoke(NativeMethodAccessorImpl.java:77)
	at java.base/jdk.internal.reflect.DelegatingMethodAccessorImpl.invoke(DelegatingMethodAccessorImpl.java:43)
	at java.base/java.lang.reflect.Method.invoke(Method.java:568)
	at org.codehaus.plexus.classworlds.launcher.Launcher.launchEnhanced(Launcher.java:282)
	at org.codehaus.plexus.classworlds.launcher.Launcher.launch(Launcher.java:225)
	at org.codehaus.plexus.classworlds.launcher.Launcher.mainWithExitCode(Launcher.java:406)
	at org.codehaus.plexus.classworlds.launcher.Launcher.main(Launcher.java:347)
Starting ChromeDriver 109.0.5414.74 (e7c5703604daa9cc128ccf5a5d3e993513758913-refs/branch-heads/5414@{#1172}) on port 6773
Only local connections are allowed.
Please see https://chromedriver.chromium.org/security-considerations for suggestions on keeping ChromeDriver safe.
ChromeDriver was started successfully.
Jan 20, 2023 1:06:50 AM org.openqa.selenium.devtools.CdpVersionFinder findNearestMatch
WARNING: Unable to find an exact match for CDP version 109, so returning the closest version found: 107
]]></system-err>
  </testcase>
  <testcase name="testMethod" classname="tests.TestClass" time="2.426">
    <system-out><![CDATA[Failure of test cases and its details are : testMethod
Failed!
Taking Screenshot....
[&amp#27;[1;31mERROR&amp#27;[0;39m] Could not add attachment: no test is running
CURRENT THREAD: 1, DRIVER = FirefoxDriver: firefox on WINDOWS (eeef17f5-49a8-4229-9d98-45981d7e3498)
]]></system-out>
    <system-err><![CDATA[1674169628866	geckodriver	INFO	Listening on 127.0.0.1:3694
1674169628899	mozrunner::runner	INFO	Running command: "C:\\Program Files\\Mozilla Firefox\\firefox.exe" "--marionette" "--normal" "--window-size=1920,1080" "--remote-debugging-port" "17698" "--remote-allow-hosts" "localhost" "--remote-allow-origins" "http://127.0.0.1:17698/,http://localhost:17698/,http://[::1]:17698/" "-no-remote" "-profile" "C:\\Users\\moham\\AppData\\Local\\Temp\\rust_mozprofileryrqGE"
1674169629457	Marionette	INFO	Marionette enabled
console.warn: SearchSettings: "get: No settings file exists, new profile?" (new NotFoundError("Could not open the file at C:\\Users\\moham\\AppData\\Local\\Temp\\rust_mozprofileryrqGE\\search.json.mozlz4", (void 0)))
DevTools listening on ws://localhost:17698/devtools/browser/9f7703a2-13ac-4867-b41f-fabbcf87ae4f
1674169631879	Marionette	INFO	Listening on port 51270
Read port: 51270
1674169631960	RemoteAgent	WARN	TLS certificate errors will be ignored for this session
console.warn: LoginRecipes: "getRecipes: falling back to a synchronous message for:" "https://demo.nopcommerce.com"
consJolavaScrie.warnpt er: Lror: ogiresounRecrce://gre/ipemos: "getRdules/Logecipines: fMaallnageriParentng b.jsm, line 136: TackypeEr to a synchronous message for:" "https://demoror: gR.nopcommercee.cipcom"
ceMaonnasole.gwarn: LoginRecipes: "getRecipes: falling back to a synchrer is nullonous
J messavage for:"aScript  "error: https://demo.nopcommeresource://gre/modulesrce/LoginManagerPare.com"
nt.jsm, line 136: TypeError: gRecipeManager is null
]]></system-err>
  </testcase>
  <testcase name="testMethod" classname="tests.TestClass2" time="10.082">
    <failure message="no such element: Unable to locate element: {&quot;method&quot;:&quot;link text&quot;,&quot;selector&quot;:&quot;Register&quot;}&#10;  (Session info: chrome=109.0.5414.75)&#10;For documentation on this error, please visit: https://selenium.dev/exceptions/#no_such_element&#10;Build info: version: &apos;4.6.0&apos;, revision: &apos;79f1c02ae20&apos;&#10;System info: os.name: &apos;Windows 10&apos;, os.arch: &apos;amd64&apos;, os.version: &apos;10.0&apos;, java.version: &apos;17.0.5&apos;&#10;Driver info: org.openqa.selenium.chrome.ChromeDriver&#10;Command: [6bddeb2ac2344b2faa477083d0af9f1e, findElement {using=link text, value=Register}]&#10;Capabilities {acceptInsecureCerts: false, browserName: chrome, browserVersion: 109.0.5414.75, chrome: {chromedriverVersion: 109.0.5414.74 (e7c5703604da..., userDataDir: C:\Users\moham\AppData\Loca...}, goog:chromeOptions: {debuggerAddress: localhost:51228}, networkConnectionEnabled: false, pageLoadStrategy: normal, platformName: WINDOWS, proxy: Proxy(), se:cdp: ws://localhost:51228/devtoo..., se:cdpVersion: 109.0.5414.75, setWindowRect: true, strictFileInteractability: false, timeouts: {implicit: 0, pageLoad: 300000, script: 30000}, unhandledPromptBehavior: dismiss and notify, webauthn:extension:credBlob: true, webauthn:extension:largeBlob: true, webauthn:virtualAuthenticators: true}&#10;Session ID: 6bddeb2ac2344b2faa477083d0af9f1e" type="org.openqa.selenium.NoSuchElementException"><![CDATA[org.openqa.selenium.NoSuchElementException: 
no such element: Unable to locate element: {"method":"link text","selector":"Register"}
  (Session info: chrome=109.0.5414.75)
For documentation on this error, please visit: https://selenium.dev/exceptions/#no_such_element
Build info: version: '4.6.0', revision: '79f1c02ae20'
System info: os.name: 'Windows 10', os.arch: 'amd64', os.version: '10.0', java.version: '17.0.5'
Driver info: org.openqa.selenium.chrome.ChromeDriver
Command: [6bddeb2ac2344b2faa477083d0af9f1e, findElement {using=link text, value=Register}]
Capabilities {acceptInsecureCerts: false, browserName: chrome, browserVersion: 109.0.5414.75, chrome: {chromedriverVersion: 109.0.5414.74 (e7c5703604da..., userDataDir: C:\Users\moham\AppData\Loca...}, goog:chromeOptions: {debuggerAddress: localhost:51228}, networkConnectionEnabled: false, pageLoadStrategy: normal, platformName: WINDOWS, proxy: Proxy(), se:cdp: ws://localhost:51228/devtoo..., se:cdpVersion: 109.0.5414.75, setWindowRect: true, strictFileInteractability: false, timeouts: {implicit: 0, pageLoad: 300000, script: 30000}, unhandledPromptBehavior: dismiss and notify, webauthn:extension:credBlob: true, webauthn:extension:largeBlob: true, webauthn:virtualAuthenticators: true}
Session ID: 6bddeb2ac2344b2faa477083d0af9f1e
	at tests.TestClass2.testMethod(TestClass2.java:40)
]]></failure>
    <system-out><![CDATA[Success of test cases and its details are : testMethod
CURRENT THREAD: 1, DRIVER = ChromeDriver: chrome on WINDOWS (6bddeb2ac2344b2faa477083d0af9f1e)
]]></system-out>
    <system-err><![CDATA[Starting ChromeDriver 109.0.5414.74 (e7c5703604daa9cc128ccf5a5d3e993513758913-refs/branch-heads/5414@{#1172}) on port 36954
Only local connections are allowed.
Please see https://chromedriver.chromium.org/security-considerations for suggestions on keeping ChromeDriver safe.
ChromeDriver was started successfully.
Jan 20, 2023 1:06:58 AM org.openqa.selenium.devtools.CdpVersionFinder findNearestMatch
WARNING: Unable to find an exact match for CDP version 109, so returning the closest version found: 107
]]></system-err>
  </testcase>
  <testcase name="testMethod" classname="tests.TestClass2" time="10.073">
    <failure message="Unable to locate element: Register&#10;For documentation on this error, please visit: https://selenium.dev/exceptions/#no_such_element&#10;Build info: version: &apos;4.6.0&apos;, revision: &apos;79f1c02ae20&apos;&#10;System info: os.name: &apos;Windows 10&apos;, os.arch: &apos;amd64&apos;, os.version: &apos;10.0&apos;, java.version: &apos;17.0.5&apos;&#10;Driver info: org.openqa.selenium.firefox.FirefoxDriver&#10;Command: [145f53cc-5bc2-44e2-8ce4-588e2f116cc0, findElement {using=link text, value=Register}]&#10;Capabilities {acceptInsecureCerts: true, browserName: firefox, browserVersion: 96.0.3, moz:accessibilityChecks: false, moz:buildID: 20220126154723, moz:debuggerAddress: localhost:38458, moz:geckodriverVersion: 0.32.0, moz:headless: false, moz:processID: 35356, moz:profile: C:\Users\moham\AppData\Loca..., moz:shutdownTimeout: 60000, moz:useNonSpecCompliantPointerOrigin: false, moz:webdriverClick: true, pageLoadStrategy: normal, platformName: WINDOWS, platformVersion: 10.0, proxy: Proxy(), se:cdp: ws://localhost:38458/devtoo..., se:cdpVersion: 85.0, setWindowRect: true, strictFileInteractability: false, timeouts: {implicit: 0, pageLoad: 300000, script: 30000}, unhandledPromptBehavior: dismiss and notify}&#10;Session ID: 145f53cc-5bc2-44e2-8ce4-588e2f116cc0" type="org.openqa.selenium.NoSuchElementException"><![CDATA[org.openqa.selenium.NoSuchElementException: 
Unable to locate element: Register
For documentation on this error, please visit: https://selenium.dev/exceptions/#no_such_element
Build info: version: '4.6.0', revision: '79f1c02ae20'
System info: os.name: 'Windows 10', os.arch: 'amd64', os.version: '10.0', java.version: '17.0.5'
Driver info: org.openqa.selenium.firefox.FirefoxDriver
Command: [145f53cc-5bc2-44e2-8ce4-588e2f116cc0, findElement {using=link text, value=Register}]
Capabilities {acceptInsecureCerts: true, browserName: firefox, browserVersion: 96.0.3, moz:accessibilityChecks: false, moz:buildID: 20220126154723, moz:debuggerAddress: localhost:38458, moz:geckodriverVersion: 0.32.0, moz:headless: false, moz:processID: 35356, moz:profile: C:\Users\moham\AppData\Loca..., moz:shutdownTimeout: 60000, moz:useNonSpecCompliantPointerOrigin: false, moz:webdriverClick: true, pageLoadStrategy: normal, platformName: WINDOWS, platformVersion: 10.0, proxy: Proxy(), se:cdp: ws://localhost:38458/devtoo..., se:cdpVersion: 85.0, setWindowRect: true, strictFileInteractability: false, timeouts: {implicit: 0, pageLoad: 300000, script: 30000}, unhandledPromptBehavior: dismiss and notify}
Session ID: 145f53cc-5bc2-44e2-8ce4-588e2f116cc0
	at tests.TestClass2.testMethod(TestClass2.java:40)
]]></failure>
    <system-out><![CDATA[Success of test cases and its details are : testMethod
CURRENT THREAD: 1, DRIVER = FirefoxDriver: firefox on WINDOWS (145f53cc-5bc2-44e2-8ce4-588e2f116cc0)
]]></system-out>
    <system-err><![CDATA[1674169636993	Marionette	INFO	Stopped listening on port 51270
1674169637929	geckodriver	INFO	Listening on 127.0.0.1:1263
1674169637971	mozrunner::runner	INFO	Running command: "C:\\Program Files\\Mozilla Firefox\\firefox.exe" "--marionette" "--normal" "--window-size=1920,1080" "--remote-debugging-port" "38458" "--remote-allow-hosts" "localhost" "--remote-allow-origins" "http://127.0.0.1:38458/,http://localhost:38458/,http://[::1]:38458/" "-no-remote" "-profile" "C:\\Users\\moham\\AppData\\Local\\Temp\\rust_mozprofile14OW7j"
1674169638406	Marionette	INFO	Marionette enabled
console.warn: SearchSettings: "get: No settings file exists, new profile?" (new NotFoundError("Could not open the file at C:\\Users\\moham\\AppData\\Local\\Temp\\rust_mozprofile14OW7j\\search.json.mozlz4", (void 0)))
DevTools listening on ws://localhost:38458/devtools/browser/dc40225b-72f8-4072-9d5f-16e0425d2c51
1674169641078	Marionette	INFO	Listening on port 51324
Read port: 51324
1674169641134	RemoteAgent	WARN	TLS certificate errors will be ignored for this session
]]></system-err>
  </testcase>
</testsuite>